Build started 1/09/2015 11:40:44 AM.
     1>Project "C:\Users\simuser\Documents\GitHub\ComputerGraphics\opengl_8th\01\chapter01\ch01_trangle\ch01_trangle.vcxproj" on node 2 (build target(s)).
     1>InitializeBuildStatus:
         Touching "x64\Debug\ch01_trangle.unsuccessfulbuild".
       ClCompile:
         c:\Program Files (x86)\Microsoft Visual Studio 10.0\VC\bin\x86_amd64\CL.exe /c /IC:\Users\simuser\Documents\GitHub\ComputerGraphics\opengl_8th\include /Zi /nologo /W3 /WX- /MP /Od /D WIN32 /D _WIN32 /D _MBCS /D _MBCS /Gm /EHsc /RTC1 /MD /GS /fp:precise /Zc:wchar_t /Zc:forScope /Fo"x64\Debug\\" /Fd"x64\Debug\vc100.pdb" /Gd /TP /errorReport:prompt ..\..\..\lib\LoadShaders.cpp triangles.cpp
     1>cl : Command line warning D9030: '/Gm' is incompatible with multiprocessing; ignoring /MP switch
         triangles.cpp
     1>triangles.cpp(26): warning C4305: 'initializing' : truncation from 'double' to 'GLfloat'
     1>triangles.cpp(26): warning C4305: 'initializing' : truncation from 'double' to 'GLfloat'
     1>triangles.cpp(27): warning C4305: 'initializing' : truncation from 'double' to 'GLfloat'
     1>triangles.cpp(27): warning C4305: 'initializing' : truncation from 'double' to 'GLfloat'
     1>triangles.cpp(28): warning C4305: 'initializing' : truncation from 'double' to 'GLfloat'
     1>triangles.cpp(28): warning C4305: 'initializing' : truncation from 'double' to 'GLfloat'
     1>triangles.cpp(29): warning C4305: 'initializing' : truncation from 'double' to 'GLfloat'
     1>triangles.cpp(29): warning C4305: 'initializing' : truncation from 'double' to 'GLfloat'
     1>triangles.cpp(30): warning C4305: 'initializing' : truncation from 'double' to 'GLfloat'
     1>triangles.cpp(30): warning C4305: 'initializing' : truncation from 'double' to 'GLfloat'
     1>triangles.cpp(31): warning C4305: 'initializing' : truncation from 'double' to 'GLfloat'
     1>triangles.cpp(31): warning C4305: 'initializing' : truncation from 'double' to 'GLfloat'
         LoadShaders.cpp
         Generating Code...
       Link:
         c:\Program Files (x86)\Microsoft Visual Studio 10.0\VC\bin\x86_amd64\link.exe /ERRORREPORT:PROMPT /OUT:"C:\Users\simuser\Documents\GitHub\ComputerGraphics\opengl_8th\01\chapter01\x64\Debug\ch01_trangle.exe" /NOLOGO /LIBPATH:C:\Users\simuser\Documents\GitHub\ComputerGraphics\opengl_8th\lib /LIBPATH:..\lib kernel32.lib user32.lib gdi32.lib winspool.lib comdlg32.lib advapi32.lib shell32.lib ole32.lib oleaut32.lib uuid.lib odbc32.lib odbccp32.lib /MANIFEST /ManifestFile:"x64\Debug\ch01_trangle.exe.intermediate.manifest" /MANIFESTUAC:"level='asInvoker' uiAccess='false'" /DEBUG /PDB:"C:\Users\simuser\Documents\GitHub\ComputerGraphics\opengl_8th\01\chapter01\x64\Debug\ch01_trangle.pdb" /TLBID:1 /DYNAMICBASE /NXCOMPAT /IMPLIB:"C:\Users\simuser\Documents\GitHub\ComputerGraphics\opengl_8th\01\chapter01\x64\Debug\ch01_trangle.lib" /MACHINE:X64 x64\Debug\LoadShaders.obj
         x64\Debug\triangles.obj
     1>LoadShaders.obj : error LNK2001: unresolved external symbol __glewGetProgramiv
     1>LoadShaders.obj : error LNK2001: unresolved external symbol __glewLinkProgram
     1>LoadShaders.obj : error LNK2001: unresolved external symbol __GLEW_VERSION_4_1
     1>LoadShaders.obj : error LNK2001: unresolved external symbol __glewAttachShader
     1>LoadShaders.obj : error LNK2001: unresolved external symbol __glewGetShaderiv
     1>LoadShaders.obj : error LNK2001: unresolved external symbol __glewCompileShader
     1>LoadShaders.obj : error LNK2001: unresolved external symbol __glewShaderSource
     1>LoadShaders.obj : error LNK2001: unresolved external symbol __glewDeleteShader
     1>LoadShaders.obj : error LNK2001: unresolved external symbol __glewCreateShader
     1>LoadShaders.obj : error LNK2001: unresolved external symbol __glewCreateProgram
     1>triangles.obj : error LNK2001: unresolved external symbol __glewEnableVertexAttribArray
     1>triangles.obj : error LNK2001: unresolved external symbol __glewVertexAttribPointer
     1>triangles.obj : error LNK2001: unresolved external symbol __glewUseProgram
     1>triangles.obj : error LNK2001: unresolved external symbol __glewBufferData
     1>triangles.obj : error LNK2001: unresolved external symbol __glewBindBuffer
     1>triangles.obj : error LNK2001: unresolved external symbol __glewGenBuffers
     1>triangles.obj : error LNK2001: unresolved external symbol __glewBindVertexArray
     1>triangles.obj : error LNK2001: unresolved external symbol __glewGenVertexArrays
     1>triangles.obj : error LNK2019: unresolved external symbol glutMainLoop referenced in function main
     1>triangles.obj : error LNK2019: unresolved external symbol glutDisplayFunc referenced in function main
     1>triangles.obj : error LNK2019: unresolved external symbol glewInit referenced in function main
     1>triangles.obj : error LNK2019: unresolved external symbol glutInitContextProfile referenced in function main
     1>triangles.obj : error LNK2019: unresolved external symbol glutInitContextVersion referenced in function main
     1>triangles.obj : error LNK2019: unresolved external symbol glutInitWindowSize referenced in function main
     1>triangles.obj : error LNK2019: unresolved external symbol glutInitDisplayMode referenced in function main
     1>triangles.obj : error LNK2019: unresolved external symbol __glutInitWithExit referenced in function glutInit_ATEXIT_HACK
     1>triangles.obj : error LNK2019: unresolved external symbol __glutCreateWindowWithExit referenced in function glutCreateWindow_ATEXIT_HACK
     1>C:\Users\simuser\Documents\GitHub\ComputerGraphics\opengl_8th\01\chapter01\x64\Debug\ch01_trangle.exe : fatal error LNK1120: 27 unresolved externals
     1>Done Building Project "C:\Users\simuser\Documents\GitHub\ComputerGraphics\opengl_8th\01\chapter01\ch01_trangle\ch01_trangle.vcxproj" (build target(s)) -- FAILED.

Build FAILED.

Time Elapsed 00:00:01.41
